<?xml version="1.0" encoding="UTF-8"?>
<Job name="name1" description="description222222">
    <Step name="Step1" startTimeExp="task_uploadApp_startTime" endTimeExp="task_uploadApp_endTime" sleepTime="6000">
    	<Task name="task_uploadApp" class="com.tingyun.alarm.task.uploadServerTask">
    	    <params>
    	        <param key="ApplicationName" value="pyh-触发告警456" />
    	        <param key="key" value="a704190ed18ca8a05084053bc554cca0" />
    	        <param key="fixed" value="fixed" />
    	        <param key="count" value="20" />
    	        <param key="period" value="5" />
    	        <param key="apdex" value="0.8" />
    	        <param key="errRate" value="0.0" />
    	    </params>
    	</Task>
    </Step>
    
	
    <!-- 查询数据库 -->
	<Step name="Step2" >
    	<Task name="task_selectDB_alarm_event" class="com.tingyun.alarm.task.DBSelectAlarmEventTask">
    	    <params>
    	        <param key="startTimeExp" value="task_uploadApp_startTime" />
    	        <param key="endTimeExp" value="task_uploadApp_endTime" />
    	        <param key="targetType" value="1" />
    	        <param key="targetId" value="3009" />
    	        <param key="targetParentId" value="3009" />
    	    </params>
    	</Task>
    </Step>
    
	<!-- 对比结果 -->
	<Step name="Step3" >
    	<Task name="task_selectDB_alarm_event" class="com.tingyun.alarm.task.CheckAlarmEventDataTask">
    	    <params>
    	        <param key="dataName" value="task_selectDB_alarm_event" />
    	    </params>
    	</Task>
    </Step>
</Job>