<?xml version="1.0" encoding="UTF-8"?>
<Job name="name1" description="description1111111111">
    <Step name="Step1" startTimeExp="task_uploadApp_startTime" endTimeExp="task_uploadApp_endTime" sleepTime="6000">
    	<Task name="task_uploadApp" class="com.tingyun.alarm.task.uploadAppTask">
    	    <params>
    	        <param key="key" value="46ee0d1a497741eca1375feafdec074e" />
    	        <param key="thinkTime" value="60000" />
    	        <param key="fixed" value="fixed" />
    	        <param key="count" value="100" />
    	        <param key="period" value="3" />
    	        <param key="responseTime" value="200" />
    	        <param key="interactionTime" value="51" />
    	        <param key="viewLoadTime" value="51" />
    	        <param key="imageProcessTime" value="51" />
    	        <param key="dataStorageTime" value="51" />
    	        <param key="networkVisitTime" value="51" />
    	        <param key="jsonProcessTime" value="51" />
    	        <param key="httpErrorPercentage" value="0.0" />
    	        <param key="networkErrorPercentage" value="0.0" />
    	        <param key="deviceIndex" value="2" />
    	    </params>
    	</Task>
    </Step>
    
	
    <!-- 查询数据库 -->
	<Step name="Step2" >
    	<Task name="task_selectDB_alarm_event" class="com.tingyun.alarm.task.DBSelectAlarmEventTask">
    	    <params>
    	        <param key="startTimeExp" value="task_uploadApp_startTime" />
    	        <param key="endTimeExp" value="task_uploadApp_endTime" />
    	        <param key="targetType" value="1" />
    	        <param key="targetId" value="3009" />
    	        <param key="targetParentId" value="3009" />
    	    </params>
    	</Task>
    </Step>
    
	<!-- 对比结果 -->
	<Step name="Step3" >
    	<Task name="task_selectDB_alarm_event" class="com.tingyun.alarm.task.CheckAlarmEventDataTask">
    	    <params>
    	        <param key="dataName" value="task_selectDB_alarm_event" />
    	    </params>
    	</Task>
    </Step>
</Job>